<?xml version="1.0" encoding="UTF-8"?>
<testng-results ignored="0" total="1" passed="1" failed="0" skipped="0">
  <reporter-output>
  </reporter-output>
  <suite started-at="2023-08-16T09:08:20 GMT-04:00" name="Default suite" finished-at="2023-08-16T09:08:32 GMT-04:00" duration-ms="11969">
    <groups>
    </groups>
    <test started-at="2023-08-16T09:08:20 GMT-04:00" name="Default test" finished-at="2023-08-16T09:08:32 GMT-04:00" duration-ms="11969">
      <class name="autoit.a1">
        <test-method signature="t1()[pri:0, instance:autoit.a1@77fbd92c]" started-at="2023-08-16T09:08:20 GMT-04:00" name="t1" finished-at="2023-08-16T09:08:32 GMT-04:00" duration-ms="11928" status="PASS">
          <reporter-output>
          </reporter-output>
        </test-method> <!-- t1 -->
      </class> <!-- autoit.a1 -->
    </test> <!-- Default test -->
  </suite> <!-- Default suite -->
</testng-results>
